<?xml version="1.0" encoding="UTF-8"?>
<testng-results ignored="0" total="0" passed="0" failed="0" skipped="0">
  <reporter-output>
  </reporter-output>
  <suite started-at="2021-10-06T14:44:57 IDT" name="Default suite" finished-at="2021-10-06T14:45:02 IDT" duration-ms="5618">
    <groups>
    </groups>
    <test started-at="2021-10-06T14:44:57 IDT" name="Default test" finished-at="2021-10-06T14:45:02 IDT" duration-ms="5618">
      <class name="HalilitPages.SignUpTest">
        <test-method is-config="true" signature="setUpBeforeClass()[pri:0, instance:HalilitPages.SignUpTest@49c7b90e]" started-at="2021-10-06T14:44:57 IDT" name="setUpBeforeClass" finished-at="2021-10-06T14:45:02 IDT" duration-ms="5605" status="PASS">
          <reporter-output>
          </reporter-output>
        </test-method> <!-- setUpBeforeClass -->
      </class> <!-- HalilitPages.SignUpTest -->
    </test> <!-- Default test -->
  </suite> <!-- Default suite -->
</testng-results>
